
Showing logs for build [32mcb-kubecd-bdd-gh-1568814413-mas-1[0m stage [32mmeta-pipeline[0m and container [32mstep-credential-initializer-mrq4b[0m
{"level":"warn","ts":1568814973.2487738,"logger":"fallback-logger","caller":"logging/config.go:69","msg":"Fetch GitHub commit ID from kodata failed: \"ref: refs/heads/master\" is not a valid GitHub commit ID"}
{"level":"info","ts":1568814973.2495189,"logger":"fallback-logger","caller":"creds-init/main.go:40","msg":"Credentials initialized."}

Showing logs for build [32mcb-kubecd-bdd-gh-1568814413-mas-1[0m stage [32mmeta-pipeline[0m and container [32mstep-working-dir-initializer-f6sj9[0m
{"level":"warn","ts":1568814974.1487658,"logger":"fallback-logger","caller":"logging/config.go:69","msg":"Fetch GitHub commit ID from kodata failed: open /var/run/ko/HEAD: no such file or directory"}
{"level":"info","ts":1568814974.1503587,"logger":"fallback-logger","caller":"bash/main.go:65","msg":"Successfully executed command \"mkdir -p /workspace/source\""}

Showing logs for build [32mcb-kubecd-bdd-gh-1568814413-mas-1[0m stage [32mmeta-pipeline[0m and container [32mstep-place-tools[0m

Showing logs for build [32mcb-kubecd-bdd-gh-1568814413-mas-1[0m stage [32mmeta-pipeline[0m and container [32mstep-git-source-meta-cb-kubecd-bdd-gh-156881441-9mzhc[0m
{"level":"warn","ts":1568814980.2479782,"logger":"fallback-logger","caller":"logging/config.go:69","msg":"Fetch GitHub commit ID from kodata failed: \"ref: refs/heads/master\" is not a valid GitHub commit ID"}
{"level":"info","ts":1568814981.35048,"logger":"fallback-logger","caller":"git/git.go:102","msg":"Successfully cloned https://github.com/cb-kubecd/bdd-gh-1568814413.git @ e1cc39c11f35edd0e375dd03ac3c8a5fa8bfe1fc in path /workspace/source"}

Showing logs for build [32mcb-kubecd-bdd-gh-1568814413-mas-1[0m stage [32mmeta-pipeline[0m and container [32mstep-git-merge[0m
Using SHAs from PULL_REFS=master:e1cc39c11f35edd0e375dd03ac3c8a5fa8bfe1fc
WARNING: no SHAs to merge, falling back to initial cloned commit

Showing logs for build [32mcb-kubecd-bdd-gh-1568814413-mas-1[0m stage [32mmeta-pipeline[0m and container [32mstep-merge-pull-refs[0m
SKIP merge-pull-refs: Nothing to merge

Showing logs for build [32mcb-kubecd-bdd-gh-1568814413-mas-1[0m stage [32mmeta-pipeline[0m and container [32mstep-create-effective-pipeline[0m
Deleting and cloning the Jenkins X versions repo
Cloning the Jenkins X versions repo https://github.com/jenkins-x/jenkins-x-versions.git with ref refs/heads/master to /builder/home/.**/jenkins-x-versions
Effective pipeline written to jenkins-x-effective.yml

Showing logs for build [32mcb-kubecd-bdd-gh-1568814413-mas-1[0m stage [32mmeta-pipeline[0m and container [32mstep-create-tekton-crds[0m
running command: echo \$(**-release-version) > VERSION

running command: ** step tag --version \$(cat VERSION)
Updating chart version in charts/bdd-gh-1568814413/Chart.yaml to 0.0.1
Updating repository in charts/bdd-gh-1568814413/values.yaml to gcr.io/jenkins-x-bdd3/bdd-gh-1568814413
Updating tag in charts/bdd-gh-1568814413/values.yaml to 0.0.1
Tag v0.0.1 created and pushed to remote origin

PipelineActivity for cb-kubecd-bdd-gh-1568814413-master-1
Applying changes 
upserted PipelineResource cb-kubecd-bdd-gh-1568814413-mas for the git repository https://github.com/cb-kubecd/bdd-gh-1568814413.git
upserted Task cb-kubecd-bdd-gh-1568814413-mas-from-build-pack-1
upserted Pipeline cb-kubecd-bdd-gh-1568814413-mas-1
created PipelineRun cb-kubecd-bdd-gh-1568814413-mas-1
created PipelineStructure cb-kubecd-bdd-gh-1568814413-mas-1

Showing logs for build [32mcb-kubecd-bdd-gh-1568814413-mas-1[0m stage [32mfrom-build-pack[0m and container [32mstep-credential-initializer-fc28m[0m
{"level":"warn","ts":1568814998.7225199,"logger":"fallback-logger","caller":"logging/config.go:69","msg":"Fetch GitHub commit ID from kodata failed: \"ref: refs/heads/master\" is not a valid GitHub commit ID"}
{"level":"info","ts":1568814998.7232282,"logger":"fallback-logger","caller":"creds-init/main.go:40","msg":"Credentials initialized."}

Showing logs for build [32mcb-kubecd-bdd-gh-1568814413-mas-1[0m stage [32mfrom-build-pack[0m and container [32mstep-working-dir-initializer-6cm4b[0m
{"level":"warn","ts":1568814999.3541982,"logger":"fallback-logger","caller":"logging/config.go:69","msg":"Fetch GitHub commit ID from kodata failed: open /var/run/ko/HEAD: no such file or directory"}
{"level":"info","ts":1568814999.3558877,"logger":"fallback-logger","caller":"bash/main.go:65","msg":"Successfully executed command \"mkdir -p /workspace/source /workspace/source/charts/bdd-gh-1568814413\""}

Showing logs for build [32mcb-kubecd-bdd-gh-1568814413-mas-1[0m stage [32mfrom-build-pack[0m and container [32mstep-place-tools[0m

Showing logs for build [32mcb-kubecd-bdd-gh-1568814413-mas-1[0m stage [32mfrom-build-pack[0m and container [32mstep-git-source-cb-kubecd-bdd-gh-1568814413-mas-pbcc9[0m
{"level":"warn","ts":1568815006.3917623,"logger":"fallback-logger","caller":"logging/config.go:69","msg":"Fetch GitHub commit ID from kodata failed: \"ref: refs/heads/master\" is not a valid GitHub commit ID"}
{"level":"info","ts":1568815007.4753897,"logger":"fallback-logger","caller":"git/git.go:102","msg":"Successfully cloned https://github.com/cb-kubecd/bdd-gh-1568814413.git @ v0.0.1 in path /workspace/source"}

Showing logs for build [32mcb-kubecd-bdd-gh-1568814413-mas-1[0m stage [32mfrom-build-pack[0m and container [32mstep-git-merge[0m
Using SHAs from PULL_REFS=master:e1cc39c11f35edd0e375dd03ac3c8a5fa8bfe1fc
WARNING: no SHAs to merge, falling back to initial cloned commit

Showing logs for build [32mcb-kubecd-bdd-gh-1568814413-mas-1[0m stage [32mfrom-build-pack[0m and container [32mstep-setup-jx-git-credentials[0m
Generated Git credentials file /workspace/xdg_config/git/credentials

Showing logs for build [32mcb-kubecd-bdd-gh-1568814413-mas-1[0m stage [32mfrom-build-pack[0m and container [32mstep-build-make-build[0m
CGO_ENABLED=0 GO15VENDOREXPERIMENT=1 go build -ldflags '' -o bin/bdd-gh-1568814413 main.go

Showing logs for build [32mcb-kubecd-bdd-gh-1568814413-mas-1[0m stage [32mfrom-build-pack[0m and container [32mstep-build-container-build[0m
[36mINFO[0m[0000] No base image, nothing to extract            
[36mINFO[0m[0000] cmd: EXPOSE                                  
[36mINFO[0m[0000] Adding exposed port: 8080/tcp                
[36mINFO[0m[0000] Using files from context: [/workspace/source/bin] 
[36mINFO[0m[0000] Skipping unpacking as no commands require it. 
[36mINFO[0m[0000] Taking snapshot of full filesystem...        
[36mINFO[0m[0000] EXPOSE 8080                                  
[36mINFO[0m[0000] cmd: EXPOSE                                  
[36mINFO[0m[0000] Adding exposed port: 8080/tcp                
[36mINFO[0m[0000] No files changed in this command, skipping snapshotting. 
[36mINFO[0m[0000] ENTRYPOINT ["/bdd-gh-1568814413"]            
[36mINFO[0m[0000] No files changed in this command, skipping snapshotting. 
[36mINFO[0m[0000] Using files from context: [/workspace/source/bin] 
[36mINFO[0m[0000] COPY ./bin/ /                                
[36mINFO[0m[0000] Taking snapshot of files...                  
2019/09/18 13:57:00 pushed blob: sha256:3253319b91bcdd2c9b02eeae9c06c2f037476186155cf496455497eda3cf8a73
2019/09/18 13:57:00 pushed blob: sha256:2ce61018a25ec7b7a66a59a16196b9fc23f915b23ab4a8effa045bcfca9b37a0
2019/09/18 13:57:02 gcr.io/jenkins-x-bdd3/bdd-gh-1568814413:0.0.1: digest: sha256:3a74266cfa3ec709e7c2da65c0d30255f96e94cdfc87ad8e40f306878d369289 size: 428

Showing logs for build [32mcb-kubecd-bdd-gh-1568814413-mas-1[0m stage [32mfrom-build-pack[0m and container [32mstep-build-post-build[0m
no CVE provider running in the current ** namespace so skip adding image to be analysed

Showing logs for build [32mcb-kubecd-bdd-gh-1568814413-mas-1[0m stage [32mfrom-build-pack[0m and container [32mstep-promote-changelog[0m
Converted /workspace/source/charts/bdd-gh-1568814413 to an unshallow repository
no previous commit version found so change diff unavailable

Showing logs for build [32mcb-kubecd-bdd-gh-1568814413-mas-1[0m stage [32mfrom-build-pack[0m and container [32mstep-promote-helm-release[0m
WARNING: No $CHART_REPOSITORY defined so using the default value of: http://jenkins-x-chartmuseum:8080
Adding missing Helm repo: storage.googleapis.com https://storage.googleapis.com/chartmuseum.jenkins-x.io
Successfully added Helm repository storage.googleapis.com.
Adding missing Helm repo: jenkins-x-chartmuseum http://jenkins-x-chartmuseum:8080
Successfully added Helm repository jenkins-x-chartmuseum.
WARNING: No $CHART_REPOSITORY defined so using the default value of: http://jenkins-x-chartmuseum:8080
Uploading chart file bdd-gh-1568814413-0.0.1.tgz to http://jenkins-x-chartmuseum:8080/api/charts
Received 201 response: {"saved":true}

Showing logs for build [32mcb-kubecd-bdd-gh-1568814413-mas-1[0m stage [32mfrom-build-pack[0m and container [32mstep-promote-jx-promote[0m
WARNING: prow based install so skip waiting for the merge of Pull Requests to go green as currently there is an issue with gettingstatuses from the PR, see https://github.com/jenkins-x/**/issues/2410
Promoting app bdd-gh-1568814413 version 0.0.1 to namespace **-staging
Created Pull Request: https://github.com/cb-kubecd/environment-pr-5497-11-tekton-gkebdd-staging/pull/3
Pull Request https://github.com/cb-kubecd/environment-pr-5497-11-tekton-gkebdd-staging/pull/3 is merged at sha e0cfefd37111c716a0f01add031595c98cf8a8c7
Pull Request merged but we are not waiting for the update pipeline to complete!
WARNING: Could not find the service URL in namespace **-staging for names bdd-gh-1568814413, **-bdd-gh-1568814413, **-staging-bdd-gh-1568814413
