
Showing logs for build [32mcb-kubecd-bdd-gh-1568814413-pr-1[0m stage [32mmeta-pipeline[0m and container [32mstep-credential-initializer-645g9[0m
{"level":"warn","ts":1568815288.0419936,"logger":"fallback-logger","caller":"logging/config.go:69","msg":"Fetch GitHub commit ID from kodata failed: \"ref: refs/heads/master\" is not a valid GitHub commit ID"}
{"level":"info","ts":1568815288.0427094,"logger":"fallback-logger","caller":"creds-init/main.go:40","msg":"Credentials initialized."}

Showing logs for build [32mcb-kubecd-bdd-gh-1568814413-pr-1[0m stage [32mmeta-pipeline[0m and container [32mstep-working-dir-initializer-4hd96[0m
{"level":"warn","ts":1568815289.1627748,"logger":"fallback-logger","caller":"logging/config.go:69","msg":"Fetch GitHub commit ID from kodata failed: open /var/run/ko/HEAD: no such file or directory"}
{"level":"info","ts":1568815289.1649208,"logger":"fallback-logger","caller":"bash/main.go:65","msg":"Successfully executed command \"mkdir -p /workspace/source\""}

Showing logs for build [32mcb-kubecd-bdd-gh-1568814413-pr-1[0m stage [32mmeta-pipeline[0m and container [32mstep-place-tools[0m

Showing logs for build [32mcb-kubecd-bdd-gh-1568814413-pr-1[0m stage [32mmeta-pipeline[0m and container [32mstep-git-source-meta-cb-kubecd-bdd-gh-156881441-pqq2z[0m
{"level":"warn","ts":1568815295.2689674,"logger":"fallback-logger","caller":"logging/config.go:69","msg":"Fetch GitHub commit ID from kodata failed: \"ref: refs/heads/master\" is not a valid GitHub commit ID"}
{"level":"info","ts":1568815296.389136,"logger":"fallback-logger","caller":"git/git.go:102","msg":"Successfully cloned https://github.com/cb-kubecd/bdd-gh-1568814413.git @ e1cc39c11f35edd0e375dd03ac3c8a5fa8bfe1fc in path /workspace/source"}

Showing logs for build [32mcb-kubecd-bdd-gh-1568814413-pr-1[0m stage [32mmeta-pipeline[0m and container [32mstep-git-merge[0m
Using SHAs from PULL_REFS=master:e1cc39c11f35edd0e375dd03ac3c8a5fa8bfe1fc,1:90e5098b74e086e55b1080034ebf434049955d73
DEBUG: ran git fetch --unshallow origin 90e5098b74e086e55b1080034ebf434049955d73: e1cc39c11f35edd0e375dd03ac3c8a5fa8bfe1fc: in 
DEBUG: ran git checkout master in 
DEBUG: ran git reset --hard e1cc39c11f35edd0e375dd03ac3c8a5fa8bfe1fc in 
DEBUG: ran clean --force -d . in 
DEBUG: ran git merge 90e5098b74e086e55b1080034ebf434049955d73 in 
Merged SHA 90e5098b74e086e55b1080034ebf434049955d73 with commit message 'My first PR commit' into base branch master

Showing logs for build [32mcb-kubecd-bdd-gh-1568814413-pr-1[0m stage [32mmeta-pipeline[0m and container [32mstep-merge-pull-refs[0m
DEBUG: ran git fetch origin 90e5098b74e086e55b1080034ebf434049955d73: e1cc39c11f35edd0e375dd03ac3c8a5fa8bfe1fc: in 
DEBUG: Unshallowed git repo in 
DEBUG: ran git checkout master in 
DEBUG: ran git reset --hard e1cc39c11f35edd0e375dd03ac3c8a5fa8bfe1fc in 
DEBUG: ran clean --force -d . in 
DEBUG: ran git merge 90e5098b74e086e55b1080034ebf434049955d73 in 
Merged SHA 90e5098b74e086e55b1080034ebf434049955d73 with commit message 'My first PR commit' into base branch master

Showing logs for build [32mcb-kubecd-bdd-gh-1568814413-pr-1[0m stage [32mmeta-pipeline[0m and container [32mstep-create-effective-pipeline[0m
Deleting and cloning the Jenkins X versions repo
Cloning the Jenkins X versions repo https://github.com/jenkins-x/jenkins-x-versions.git with ref refs/heads/master to /builder/home/.**/jenkins-x-versions
Effective pipeline written to jenkins-x-serverless-jenkins-effective.yml

Showing logs for build [32mcb-kubecd-bdd-gh-1568814413-pr-1[0m stage [32mmeta-pipeline[0m and container [32mstep-create-tekton-crds[0m
PipelineActivity for cb-kubecd-bdd-gh-1568814413-PR-1-1
Applying changes 
upserted PipelineResource cb-kubecd-bdd-gh-1568814413-pr for the git repository https://github.com/cb-kubecd/bdd-gh-1568814413.git
upserted Task cb-kubecd-bdd-gh-1568814413-pr-from-build-pack-1
upserted Pipeline cb-kubecd-bdd-gh-1568814413-pr-1
created PipelineRun cb-kubecd-bdd-gh-1568814413-pr-1
created PipelineStructure cb-kubecd-bdd-gh-1568814413-pr-1

Showing logs for build [32mcb-kubecd-bdd-gh-1568814413-pr-1[0m stage [32mfrom-build-pack[0m and container [32mstep-credential-initializer-wlmcc[0m
{"level":"warn","ts":1568815309.4361846,"logger":"fallback-logger","caller":"logging/config.go:69","msg":"Fetch GitHub commit ID from kodata failed: \"ref: refs/heads/master\" is not a valid GitHub commit ID"}
{"level":"info","ts":1568815309.436875,"logger":"fallback-logger","caller":"creds-init/main.go:40","msg":"Credentials initialized."}

Showing logs for build [32mcb-kubecd-bdd-gh-1568814413-pr-1[0m stage [32mfrom-build-pack[0m and container [32mstep-working-dir-initializer-q6shx[0m
{"level":"warn","ts":1568815309.97148,"logger":"fallback-logger","caller":"logging/config.go:69","msg":"Fetch GitHub commit ID from kodata failed: open /var/run/ko/HEAD: no such file or directory"}
{"level":"info","ts":1568815309.9729762,"logger":"fallback-logger","caller":"bash/main.go:65","msg":"Successfully executed command \"mkdir -p /workspace/source /workspace/source/charts/preview\""}

Showing logs for build [32mcb-kubecd-bdd-gh-1568814413-pr-1[0m stage [32mfrom-build-pack[0m and container [32mstep-place-tools[0m

Showing logs for build [32mcb-kubecd-bdd-gh-1568814413-pr-1[0m stage [32mfrom-build-pack[0m and container [32mstep-git-source-cb-kubecd-bdd-gh-1568814413-pr-747sx[0m
{"level":"warn","ts":1568815317.1644506,"logger":"fallback-logger","caller":"logging/config.go:69","msg":"Fetch GitHub commit ID from kodata failed: \"ref: refs/heads/master\" is not a valid GitHub commit ID"}
{"level":"info","ts":1568815318.24128,"logger":"fallback-logger","caller":"git/git.go:102","msg":"Successfully cloned https://github.com/cb-kubecd/bdd-gh-1568814413.git @ master in path /workspace/source"}

Showing logs for build [32mcb-kubecd-bdd-gh-1568814413-pr-1[0m stage [32mfrom-build-pack[0m and container [32mstep-git-merge[0m
Using SHAs from PULL_REFS=master:e1cc39c11f35edd0e375dd03ac3c8a5fa8bfe1fc,1:90e5098b74e086e55b1080034ebf434049955d73
DEBUG: ran git fetch --unshallow origin 90e5098b74e086e55b1080034ebf434049955d73: e1cc39c11f35edd0e375dd03ac3c8a5fa8bfe1fc: in 
DEBUG: ran git checkout master in 
DEBUG: ran git reset --hard e1cc39c11f35edd0e375dd03ac3c8a5fa8bfe1fc in 
DEBUG: ran clean --force -d . in 
DEBUG: ran git merge 90e5098b74e086e55b1080034ebf434049955d73 in 
Merged SHA 90e5098b74e086e55b1080034ebf434049955d73 with commit message 'My first PR commit' into base branch master

Showing logs for build [32mcb-kubecd-bdd-gh-1568814413-pr-1[0m stage [32mfrom-build-pack[0m and container [32mstep-build-make-linux[0m
CGO_ENABLED=0 GOOS=linux GOARCH=amd64 GO15VENDOREXPERIMENT=1 go build -ldflags '' -o bin/bdd-gh-1568814413 main.go

Showing logs for build [32mcb-kubecd-bdd-gh-1568814413-pr-1[0m stage [32mfrom-build-pack[0m and container [32mstep-build-container-build[0m
[36mINFO[0m[0000] No base image, nothing to extract            
[36mINFO[0m[0000] cmd: EXPOSE                                  
[36mINFO[0m[0000] Adding exposed port: 8080/tcp                
[36mINFO[0m[0000] Using files from context: [/workspace/source/bin] 
[36mINFO[0m[0000] Skipping unpacking as no commands require it. 
[36mINFO[0m[0000] Taking snapshot of full filesystem...        
[36mINFO[0m[0000] EXPOSE 8080                                  
[36mINFO[0m[0000] cmd: EXPOSE                                  
[36mINFO[0m[0000] Adding exposed port: 8080/tcp                
[36mINFO[0m[0000] No files changed in this command, skipping snapshotting. 
[36mINFO[0m[0000] ENTRYPOINT ["/bdd-gh-1568814413"]            
[36mINFO[0m[0000] No files changed in this command, skipping snapshotting. 
[36mINFO[0m[0000] Using files from context: [/workspace/source/bin] 
[36mINFO[0m[0000] COPY ./bin/ /                                
[36mINFO[0m[0000] Taking snapshot of files...                  
2019/09/18 14:02:11 pushed blob: sha256:60beb9130f0cd66209e4e829e50f71659506c83ed50a8f0123b9cfa067aaabf4
2019/09/18 14:02:11 pushed blob: sha256:a16fab7c03924932c4529dec02570890b3cf48c097949275fe47d57c5d2bc769
2019/09/18 14:02:13 gcr.io/jenkins-x-bdd3/bdd-gh-1568814413:0.0.0-SNAPSHOT-PR-1-1: digest: sha256:e7cd092b25cc45556c50f90b229a75b8d9300c9519aebdf00bcd49a619a14ff2 size: 428

Showing logs for build [32mcb-kubecd-bdd-gh-1568814413-pr-1[0m stage [32mfrom-build-pack[0m and container [32mstep-postbuild-post-build[0m
no CVE provider running in the current ** namespace so skip adding image to be analysed

Showing logs for build [32mcb-kubecd-bdd-gh-1568814413-pr-1[0m stage [32mfrom-build-pack[0m and container [32mstep-promote-make-preview[0m
sed -i -e "s/version:.*/version: 0.0.0-SNAPSHOT-PR-1-1/" Chart.yaml
sed -i -e "s/version:.*/version: 0.0.0-SNAPSHOT-PR-1-1/" ../*/Chart.yaml
sed -i -e "s|repository:.*|repository: gcr.io\/jenkins-x-bdd3\/bdd-gh-1568814413|" values.yaml
sed -i -e "s/tag:.*/tag: 0.0.0-SNAPSHOT-PR-1-1/" values.yaml
echo "  version: 0.0.0-SNAPSHOT-PR-1-1" >> requirements.yaml
** step helm build
WARNING: No $CHART_REPOSITORY defined so using the default value of: http://jenkins-x-chartmuseum:8080
Adding missing Helm repo: storage.googleapis.com https://storage.googleapis.com/chartmuseum.jenkins-x.io
Successfully added Helm repository storage.googleapis.com.
Adding missing Helm repo: jenkins-x-chartmuseum http://jenkins-x-chartmuseum:8080
Successfully added Helm repository jenkins-x-chartmuseum.
WARNING: No $CHART_REPOSITORY defined so using the default value of: http://jenkins-x-chartmuseum:8080
Adding missing Helm repo: chartmuseum.jenkins-x.io http://chartmuseum.jenkins-x.io
Successfully added Helm repository chartmuseum.jenkins-x.io.

Showing logs for build [32mcb-kubecd-bdd-gh-1568814413-pr-1[0m stage [32mfrom-build-pack[0m and container [32mstep-promote-jx-preview[0m
Creating a preview
WARNING: No author for commit: 90e5098b74e086e55b1080034ebf434049955d73
Created environment cb-kubecd-bdd-gh-1568814413-pr-1
Namespace **-cb-kubecd-bdd-gh-1568814413-pr-1 created 
expose:
  Annotations:
    helm.sh/hook: post-install,post-upgrade
    helm.sh/hook-delete-policy: hook-succeeded
  config:
    domain: 35.240.121.36.nip.io
    exposer: Ingress
    http: "true"
preview:
  image:
    repository: gcr.io/jenkins-x-bdd3/bdd-gh-1568814413
    tag: 0.0.0-SNAPSHOT-PR-1-1
Deleting and cloning the Jenkins X versions repo
Cloning the Jenkins X versions repo https://github.com/jenkins-x/jenkins-x-versions.git with ref refs/heads/master to /builder/home/.**/jenkins-x-versions


Updating PipelineActivities cb-kubecd-bdd-gh-1568814413-pr-1-1 which has status Running
Preview application is now available at: http://bdd-gh-1568814413.**-cb-kubecd-bdd-gh-1568814413-pr-1.35.240.121.36.nip.io
